[debug] [2021-08-25T12:50:03.480Z] ----------------------------------------------------------------------
[debug] [2021-08-25T12:50:03.486Z] Command:       C:\Program Files\nodejs\node.exe C:\Users\hmoin\AppData\Roaming\npm\node_modules\firebase-tools\lib\bin\firebase.js open
[debug] [2021-08-25T12:50:03.487Z] CLI Version:   9.16.5
[debug] [2021-08-25T12:50:03.488Z] Platform:      win32
[debug] [2021-08-25T12:50:03.488Z] Node Version:  v14.17.3
[debug] [2021-08-25T12:50:03.489Z] Time:          Wed Aug 25 2021 17:50:03 GMT+0500 (Pakistan Standard Time)
[debug] [2021-08-25T12:50:03.490Z] ----------------------------------------------------------------------
[debug] 
[debug] [2021-08-25T12:50:03.597Z] > command requires scopes: ["email","openid","https://www.googleapis.com/auth/cloudplatformprojects.readonly","https://www.googleapis.com/auth/firebase","https://www.googleapis.com/auth/cloud-platform"]
[debug] [2021-08-25T12:50:03.597Z] > authorizing via signed-in user (harismoin48@gmail.com)
[debug] [2021-08-25T12:50:03.598Z] [iam] checking project assignedtasks-46b0c for permissions ["firebase.projects.get"]
[debug] [2021-08-25T12:50:03.601Z] >>> HTTP REQUEST POST https://cloudresourcemanager.googleapis.com/v1/projects/assignedtasks-46b0c:testIamPermissions  
 {"permissions":["firebase.projects.get"]}
[debug] [2021-08-25T12:50:05.058Z] <<< HTTP RESPONSE 200 {"content-type":"application/json; charset=UTF-8","vary":"X-Origin, Referer, Origin,Accept-Encoding","date":"Wed, 25 Aug 2021 12:49:44 GMT","server":"ESF","cache-control":"private","x-xss-protection":"0","x-frame-options":"SAMEORIGIN","x-content-type-options":"nosniff","server-timing":"gfet4t7; dur=1206","alt-svc":"h3=\":443\"; ma=2592000,h3-29=\":443\"; ma=2592000,h3-T051=\":443\"; ma=2592000,h3-Q050=\":443\"; ma=2592000,h3-Q046=\":443\"; ma=2592000,h3-Q043=\":443\"; ma=2592000,quic=\":443\"; ma=2592000; v=\"46,43\"","accept-ranges":"none","transfer-encoding":"chunked"}
[debug] [2021-08-25T12:50:05.067Z] > refreshing access token with scopes: []
[debug] [2021-08-25T12:50:05.068Z] >>> HTTP REQUEST POST https://www.googleapis.com/oauth2/v3/token  
 <request body omitted>
[debug] [2021-08-25T12:50:05.554Z] <<< HTTP RESPONSE 200 {"date":"Wed, 25 Aug 2021 12:49:44 GMT","pragma":"no-cache","cache-control":"no-cache, no-store, max-age=0, must-revalidate","expires":"Mon, 01 Jan 1990 00:00:00 GMT","content-type":"application/json; charset=utf-8","vary":"X-Origin, Referer, Origin,Accept-Encoding","server":"scaffolding on HTTPServer2","x-xss-protection":"0","x-frame-options":"SAMEORIGIN","x-content-type-options":"nosniff","alt-svc":"h3=\":443\"; ma=2592000,h3-29=\":443\"; ma=2592000,h3-T051=\":443\"; ma=2592000,h3-Q050=\":443\"; ma=2592000,h3-Q046=\":443\"; ma=2592000,h3-Q043=\":443\"; ma=2592000,quic=\":443\"; ma=2592000; v=\"46,43\"","accept-ranges":"none","transfer-encoding":"chunked"}
[debug] [2021-08-25T12:50:05.678Z] >>> [apiv2][query] GET https://firebase.googleapis.com/v1beta1/projects/assignedtasks-46b0c [none]
[debug] [2021-08-25T12:50:06.297Z] <<< [apiv2][status] GET https://firebase.googleapis.com/v1beta1/projects/assignedtasks-46b0c 200
[debug] [2021-08-25T12:50:06.297Z] <<< [apiv2][body] GET https://firebase.googleapis.com/v1beta1/projects/assignedtasks-46b0c {"projectId":"assignedtasks-46b0c","projectNumber":"874797413905","displayName":"AssignedTasks","name":"projects/assignedtasks-46b0c","resources":{"hostingSite":"assignedtasks-46b0c","realtimeDatabaseInstance":"assignedtasks-46b0c-default-rtdb"},"state":"ACTIVE"}
